build/app/intermediates/manifest_merge_blame_file/release/manifest-merger-blame-release-report.txt
1<?xml version="1.0" encoding="utf-8"?>
2<manifest xmlns:android="http://schemas.android.com/apk/res/android"
3    package="com.foodgrid.app"
4    android:versionCode="2"
5    android:versionName="2.0.0" >
6
7    <uses-sdk
8        android:minSdkVersion="21"
8-->src\main\AndroidManifest.xml
9        android:targetSdkVersion="30" />
9-->src\main\AndroidManifest.xml
10    <!--
11         io.flutter.app.FlutterApplication is an android.app.Application that
12         calls FlutterMain.startInitialization(this); in its onCreate method.
13         In most cases you can leave this as-is, but you if you want to provide
14         additional functionality it is fine to subclass or reimplement
15         FlutterApplication and put your custom class here.
16    -->
17    <uses-permission android:name="android.permission.INTERNET" />
17-->src\main\AndroidManifest.xml:8:5-67
17-->src\main\AndroidManifest.xml:8:22-64
18    <uses-permission android:name="android.permission.WRITE_EXTERNAL_STORAGE" />
18-->src\main\AndroidManifest.xml:9:5-81
18-->src\main\AndroidManifest.xml:9:22-78
19    <uses-permission android:name="android.permission.READ_EXTERNAL_STORAGE" />
19-->src\main\AndroidManifest.xml:10:5-80
19-->src\main\AndroidManifest.xml:10:22-77
20    <uses-permission android:name="android.permission.VIBRATE" />
20-->src\main\AndroidManifest.xml:11:5-66
20-->src\main\AndroidManifest.xml:11:22-63
21    <uses-permission android:name="android.permission.RECEIVE_BOOT_COMPLETED" />
21-->src\main\AndroidManifest.xml:12:5-80
21-->src\main\AndroidManifest.xml:12:22-78
22    <uses-permission android:name="android.permission.ACCESS_FINE_LOCATION" />
22-->src\main\AndroidManifest.xml:13:5-79
22-->src\main\AndroidManifest.xml:13:22-76
23    <uses-permission android:name="android.permission.ACCESS_COARSE_LOCATION" />
23-->src\main\AndroidManifest.xml:14:5-81
23-->src\main\AndroidManifest.xml:14:22-78
24    <uses-permission android:name="android.permission.CAMERA" />
24-->src\main\AndroidManifest.xml:15:5-65
24-->src\main\AndroidManifest.xml:15:22-62
25    <uses-permission android:name="android.permission.FLASHLIGHT" />
25-->src\main\AndroidManifest.xml:16:5-69
25-->src\main\AndroidManifest.xml:16:22-66
26    <uses-permission android:name="android.permission.ACCESS_NETWORK_STATE" />
26-->[:connectivity] AndroidManifest.xml:7:5-79
26-->[:connectivity] AndroidManifest.xml:7:22-76
27    <uses-permission android:name="android.permission.ACCESS_WIFI_STATE" />
27-->[:connectivity] AndroidManifest.xml:8:5-76
27-->[:connectivity] AndroidManifest.xml:8:22-73
28    <uses-permission android:name="android.permission.WAKE_LOCK" /> <!-- Required by older versions of Google Play services to create IID tokens -->
28-->[com.google.android.gms:play-services-measurement-api:17.4.1] AndroidManifest.xml:24:5-68
28-->[com.google.android.gms:play-services-measurement-api:17.4.1] AndroidManifest.xml:24:22-65
29    <uses-permission android:name="com.google.android.c2dm.permission.RECEIVE" />
29-->[com.google.firebase:firebase-iid:20.1.7] AndroidManifest.xml:26:5-82
29-->[com.google.firebase:firebase-iid:20.1.7] AndroidManifest.xml:26:22-79
30    <uses-permission android:name="com.google.android.finsky.permission.BIND_GET_INSTALL_REFERRER_SERVICE" />
30-->[com.google.android.gms:play-services-measurement:17.4.1] AndroidManifest.xml:26:5-110
30-->[com.google.android.gms:play-services-measurement:17.4.1] AndroidManifest.xml:26:22-107
31
32    <uses-feature
32-->[com.google.android.gms:play-services-maps:17.0.0] AndroidManifest.xml:26:5-28:35
33        android:glEsVersion="0x00020000"
33-->[com.google.android.gms:play-services-maps:17.0.0] AndroidManifest.xml:27:9-41
34        android:required="true" /> <!-- Permission will be merged into the manifest of the hosting app. -->
34-->[com.google.android.gms:play-services-maps:17.0.0] AndroidManifest.xml:28:9-32
35    <!-- Is required to launch foreground extraction service for targetSdkVersion 28+. -->
36    <uses-permission android:name="android.permission.FOREGROUND_SERVICE" />
36-->[com.google.android.play:core:1.8.0] AndroidManifest.xml:8:3-74
36-->[com.google.android.play:core:1.8.0] AndroidManifest.xml:8:20-72
37    <!--
38 android:name="io.flutter.app.FlutterApplication"
39    android:name="io.flutter.app.FlutterApplication"
40
41    android:name=".Application"
42    -->
43    <application
43-->src\main\AndroidManifest.xml:21:5-84:19
44        android:name="com.foodgrid.app.Application"
44-->src\main\AndroidManifest.xml:22:9-36
45        android:appComponentFactory="androidx.core.app.CoreComponentFactory"
45-->[androidx.core:core:1.3.1] AndroidManifest.xml:24:18-86
46        android:icon="@mipmap/ic_launcher"
46-->src\main\AndroidManifest.xml:26:9-43
47        android:label="Foodgrid"
47-->src\main\AndroidManifest.xml:25:9-33
48        android:supportsRtl="true"
48-->[com.facebook.android:facebook-login:5.5.1] AndroidManifest.xml:28:18-44
49        android:theme="@style/Theme.AppCompat.Light.NoActionBar"
49-->[:stripe_payment] AndroidManifest.xml:11:18-74
50        android:usesCleartextTraffic="true" >
50-->src\main\AndroidManifest.xml:24:9-44
51        <activity
51-->src\main\AndroidManifest.xml:27:9-51:20
52            android:name="com.foodgrid.app.MainActivity"
52-->src\main\AndroidManifest.xml:28:13-41
53            android:configChanges="orientation|keyboardHidden|keyboard|screenSize|smallestScreenSize|locale|layoutDirection|fontScale|screenLayout|density|uiMode"
53-->src\main\AndroidManifest.xml:31:13-163
54            android:hardwareAccelerated="true"
54-->src\main\AndroidManifest.xml:32:13-47
55            android:launchMode="singleTop"
55-->src\main\AndroidManifest.xml:29:13-43
56            android:theme="@style/LaunchTheme"
56-->src\main\AndroidManifest.xml:30:13-47
57            android:windowSoftInputMode="adjustResize" >
57-->src\main\AndroidManifest.xml:33:13-55
58
59            <!--
60                 This keeps the window background of the activity showing
61                 until Flutter renders its first frame. It can be removed if
62                 there is no splash screen (such as the default splash screen
63                 defined in @style/LaunchTheme).
64            -->
65            <meta-data
65-->src\main\AndroidManifest.xml:38:13-40:40
66                android:name="io.flutter.app.android.SplashScreenUntilFirstFrame"
66-->src\main\AndroidManifest.xml:39:17-82
67                android:value="true" />
67-->src\main\AndroidManifest.xml:40:17-37
68
69            <intent-filter>
69-->src\main\AndroidManifest.xml:42:13-45:29
70                <action android:name="android.intent.action.MAIN" />
70-->src\main\AndroidManifest.xml:43:17-68
70-->src\main\AndroidManifest.xml:43:25-66
71
72                <category android:name="android.intent.category.LAUNCHER" />
72-->src\main\AndroidManifest.xml:44:17-76
72-->src\main\AndroidManifest.xml:44:27-74
73            </intent-filter>
74            <intent-filter>
74-->src\main\AndroidManifest.xml:46:13-49:29
75                <action android:name="FLUTTER_NOTIFICATION_CLICK" />
75-->src\main\AndroidManifest.xml:47:17-69
75-->src\main\AndroidManifest.xml:47:25-66
76
77                <category android:name="android.intent.category.DEFAULT" />
77-->src\main\AndroidManifest.xml:48:17-76
77-->src\main\AndroidManifest.xml:48:27-73
78            </intent-filter>
79        </activity>
80        <activity
80-->src\main\AndroidManifest.xml:52:9-60:20
81            android:name="com.braintreepayments.api.BraintreeBrowserSwitchActivity"
81-->src\main\AndroidManifest.xml:52:19-90
82            android:launchMode="singleTask" >
82-->src\main\AndroidManifest.xml:53:13-44
83            <intent-filter>
83-->src\main\AndroidManifest.xml:54:13-59:29
84                <action android:name="android.intent.action.VIEW" />
84-->src\main\AndroidManifest.xml:55:17-69
84-->src\main\AndroidManifest.xml:55:25-66
85
86                <category android:name="android.intent.category.DEFAULT" />
86-->src\main\AndroidManifest.xml:48:17-76
86-->src\main\AndroidManifest.xml:48:27-73
87                <category android:name="android.intent.category.BROWSABLE" />
87-->src\main\AndroidManifest.xml:57:17-78
87-->src\main\AndroidManifest.xml:57:27-75
88
89                <data android:scheme="com.foodgrid.app.braintree" />
89-->src\main\AndroidManifest.xml:58:23-66
90            </intent-filter>
91        </activity>
92
93        <meta-data
93-->src\main\AndroidManifest.xml:61:9-62:46
94            android:name="com.facebook.sdk.ApplicationId"
94-->src\main\AndroidManifest.xml:61:20-65
95            android:value="@string/facebook_app_id" />
95-->src\main\AndroidManifest.xml:62:5-44
96        <!-- TODO: Replace with your real AdMob app ID -->
97        <meta-data
97-->src\main\AndroidManifest.xml:64:5-66:66
98            android:name="com.google.android.gms.ads.APPLICATION_ID"
98-->src\main\AndroidManifest.xml:65:13-69
99            android:value="@string/android__admob_ads_id_key" />
99-->src\main\AndroidManifest.xml:66:13-63
100
101        <activity
101-->src\main\AndroidManifest.xml:67:9-70:40
102            android:name="com.facebook.FacebookActivity"
102-->src\main\AndroidManifest.xml:67:19-63
103            android:configChanges="keyboard|keyboardHidden|screenLayout|screenSize|orientation"
103-->src\main\AndroidManifest.xml:68:5-102
104            android:label="@string/app_name"
104-->src\main\AndroidManifest.xml:70:5-37
105            android:theme="@style/com_facebook_activity_theme" />
105-->[com.facebook.android:facebook-common:5.5.1] AndroidManifest.xml:32:13-63
106        <activity
106-->src\main\AndroidManifest.xml:71:9-80:20
107            android:name="com.facebook.CustomTabActivity"
107-->src\main\AndroidManifest.xml:72:13-58
108            android:exported="true" >
108-->src\main\AndroidManifest.xml:73:13-36
109            <intent-filter>
109-->src\main\AndroidManifest.xml:74:13-79:29
110                <action android:name="android.intent.action.VIEW" />
110-->src\main\AndroidManifest.xml:55:17-69
110-->src\main\AndroidManifest.xml:55:25-66
111
112                <category android:name="android.intent.category.DEFAULT" />
112-->src\main\AndroidManifest.xml:48:17-76
112-->src\main\AndroidManifest.xml:48:27-73
113                <category android:name="android.intent.category.BROWSABLE" />
113-->src\main\AndroidManifest.xml:57:17-78
113-->src\main\AndroidManifest.xml:57:27-75
114
115                <data android:scheme="@string/fb_login_protocol_scheme" />
115-->src\main\AndroidManifest.xml:58:23-66
116            </intent-filter>
117        </activity>
118
119        <meta-data
119-->src\main\AndroidManifest.xml:81:10-83:33
120            android:name="flutterEmbedding"
120-->src\main\AndroidManifest.xml:82:13-44
121            android:value="2" />
121-->src\main\AndroidManifest.xml:83:13-30
122
123        <service
123-->[:firebase_auth] AndroidManifest.xml:8:9-12:19
124            android:name="com.google.firebase.components.ComponentDiscoveryService"
124-->[:firebase_auth] AndroidManifest.xml:8:18-89
125            android:directBootAware="true"
125-->[com.google.firebase:firebase-common:19.3.0] AndroidManifest.xml:34:13-43
126            android:exported="false" >
126-->[com.google.firebase:firebase-messaging:20.1.7] AndroidManifest.xml:37:13-37
127            <meta-data
127-->[:firebase_auth] AndroidManifest.xml:9:13-11:85
128                android:name="com.google.firebase.components:io.flutter.plugins.firebase.auth.FlutterFirebaseAuthRegistrar"
128-->[:firebase_auth] AndroidManifest.xml:10:17-124
129                android:value="com.google.firebase.components.ComponentRegistrar" />
129-->[:firebase_auth] AndroidManifest.xml:11:17-82
130            <meta-data
130-->[:firebase_messaging] AndroidManifest.xml:14:13-16:85
131                android:name="com.google.firebase.components:io.flutter.plugins.firebasemessaging.FlutterFirebaseAppRegistrar"
131-->[:firebase_messaging] AndroidManifest.xml:15:17-127
132                android:value="com.google.firebase.components.ComponentRegistrar" />
132-->[:firebase_messaging] AndroidManifest.xml:16:17-82
133            <meta-data
133-->[:firebase_core] AndroidManifest.xml:9:13-11:85
134                android:name="com.google.firebase.components:io.flutter.plugins.firebase.core.FlutterFirebaseCoreRegistrar"
134-->[:firebase_core] AndroidManifest.xml:10:17-124
135                android:value="com.google.firebase.components.ComponentRegistrar" />
135-->[:firebase_core] AndroidManifest.xml:11:17-82
136            <meta-data
136-->[com.google.firebase:firebase-messaging:20.1.7] AndroidManifest.xml:38:13-40:85
137                android:name="com.google.firebase.components:com.google.firebase.messaging.FirebaseMessagingRegistrar"
137-->[com.google.firebase:firebase-messaging:20.1.7] AndroidManifest.xml:39:17-119
138                android:value="com.google.firebase.components.ComponentRegistrar" />
138-->[com.google.firebase:firebase-messaging:20.1.7] AndroidManifest.xml:40:17-82
139            <meta-data
139-->[:firebase_dynamic_links] AndroidManifest.xml:11:13-13:85
140                android:name="com.google.firebase.components:io.flutter.plugins.firebasedynamiclinks.FlutterFirebaseAppRegistrar"
140-->[:firebase_dynamic_links] AndroidManifest.xml:12:17-130
141                android:value="com.google.firebase.components.ComponentRegistrar" />
141-->[:firebase_dynamic_links] AndroidManifest.xml:13:17-82
142            <meta-data
142-->[com.google.android.gms:play-services-measurement-api:17.4.1] AndroidManifest.xml:30:13-32:85
143                android:name="com.google.firebase.components:com.google.firebase.analytics.connector.internal.AnalyticsConnectorRegistrar"
143-->[com.google.android.gms:play-services-measurement-api:17.4.1] AndroidManifest.xml:31:17-139
144                android:value="com.google.firebase.components.ComponentRegistrar" />
144-->[com.google.android.gms:play-services-measurement-api:17.4.1] AndroidManifest.xml:32:17-82
145            <meta-data
145-->[com.google.firebase:firebase-iid:20.1.7] AndroidManifest.xml:32:13-34:85
146                android:name="com.google.firebase.components:com.google.firebase.iid.Registrar"
146-->[com.google.firebase:firebase-iid:20.1.7] AndroidManifest.xml:33:17-96
147                android:value="com.google.firebase.components.ComponentRegistrar" />
147-->[com.google.firebase:firebase-iid:20.1.7] AndroidManifest.xml:34:17-82
148            <meta-data
148-->[com.google.firebase:firebase-auth:19.3.1] AndroidManifest.xml:36:13-38:85
149                android:name="com.google.firebase.components:com.google.firebase.auth.FirebaseAuthRegistrar"
149-->[com.google.firebase:firebase-auth:19.3.1] AndroidManifest.xml:37:17-109
150                android:value="com.google.firebase.components.ComponentRegistrar" />
150-->[com.google.firebase:firebase-auth:19.3.1] AndroidManifest.xml:38:17-82
151            <meta-data
151-->[com.google.firebase:firebase-dynamic-links:19.1.0] AndroidManifest.xml:9:13-11:85
152                android:name="com.google.firebase.components:com.google.firebase.dynamiclinks.internal.FirebaseDynamicLinkRegistrar"
152-->[com.google.firebase:firebase-dynamic-links:19.1.0] AndroidManifest.xml:10:17-133
153                android:value="com.google.firebase.components.ComponentRegistrar" />
153-->[com.google.firebase:firebase-dynamic-links:19.1.0] AndroidManifest.xml:11:17-82
154            <meta-data
154-->[com.google.firebase:firebase-datatransport:17.0.3] AndroidManifest.xml:28:13-30:85
155                android:name="com.google.firebase.components:com.google.firebase.datatransport.TransportRegistrar"
155-->[com.google.firebase:firebase-datatransport:17.0.3] AndroidManifest.xml:29:17-115
156                android:value="com.google.firebase.components.ComponentRegistrar" />
156-->[com.google.firebase:firebase-datatransport:17.0.3] AndroidManifest.xml:30:17-82
157            <meta-data
157-->[com.google.firebase:firebase-installations:16.3.0] AndroidManifest.xml:17:13-19:85
158                android:name="com.google.firebase.components:com.google.firebase.installations.FirebaseInstallationsRegistrar"
158-->[com.google.firebase:firebase-installations:16.3.0] AndroidManifest.xml:18:17-127
159                android:value="com.google.firebase.components.ComponentRegistrar" />
159-->[com.google.firebase:firebase-installations:16.3.0] AndroidManifest.xml:19:17-82
160        </service>
161        <service android:name="io.flutter.plugins.firebasemessaging.FlutterFirebaseMessagingService" >
161-->[:firebase_messaging] AndroidManifest.xml:8:9-12:19
161-->[:firebase_messaging] AndroidManifest.xml:8:18-101
162            <intent-filter>
162-->[:firebase_messaging] AndroidManifest.xml:9:13-11:29
163                <action android:name="com.google.firebase.MESSAGING_EVENT" />
163-->[:firebase_messaging] AndroidManifest.xml:10:17-78
163-->[:firebase_messaging] AndroidManifest.xml:10:25-75
164            </intent-filter>
165        </service>
166
167        <meta-data
167-->[:stripe_payment] AndroidManifest.xml:12:9-14:36
168            android:name="com.google.android.gms.wallet.api.enabled"
168-->[:stripe_payment] AndroidManifest.xml:13:13-69
169            android:value="true" />
169-->[:stripe_payment] AndroidManifest.xml:14:13-33
170
171        <activity
171-->[:stripe_payment] AndroidManifest.xml:16:9-20:75
172            android:name="com.gettipsi.stripe.OpenBrowserActivity"
172-->[:stripe_payment] AndroidManifest.xml:17:13-67
173            android:exported="false"
173-->[:stripe_payment] AndroidManifest.xml:18:13-37
174            android:launchMode="singleTask"
174-->[:stripe_payment] AndroidManifest.xml:19:13-44
175            android:theme="@android:style/Theme.Translucent.NoTitleBar" />
175-->[:stripe_payment] AndroidManifest.xml:20:13-72
176        <activity
176-->[:stripe_payment] AndroidManifest.xml:21:9-34:20
177            android:name="com.gettipsi.stripe.RedirectUriReceiver"
177-->[:stripe_payment] AndroidManifest.xml:22:13-67
178            android:exported="true"
178-->[:stripe_payment] AndroidManifest.xml:23:13-36
179            android:launchMode="singleTask"
179-->[:stripe_payment] AndroidManifest.xml:24:13-44
180            android:theme="@android:style/Theme.Translucent.NoTitleBar.Fullscreen" >
180-->[:stripe_payment] AndroidManifest.xml:25:13-83
181            <intent-filter>
181-->[:stripe_payment] AndroidManifest.xml:26:13-33:29
182                <action android:name="android.intent.action.VIEW" />
182-->src\main\AndroidManifest.xml:55:17-69
182-->src\main\AndroidManifest.xml:55:25-66
183
184                <category android:name="android.intent.category.DEFAULT" />
184-->src\main\AndroidManifest.xml:48:17-76
184-->src\main\AndroidManifest.xml:48:27-73
185                <category android:name="android.intent.category.BROWSABLE" />
185-->src\main\AndroidManifest.xml:57:17-78
185-->src\main\AndroidManifest.xml:57:27-75
186
187                <data android:scheme="example" />
187-->src\main\AndroidManifest.xml:58:23-66
188            </intent-filter>
189        </activity>
190        <activity
190-->[com.stripe:stripe-android:10.5.0] AndroidManifest.xml:12:9-14:57
191            android:name="com.stripe.android.view.AddPaymentMethodActivity"
191-->[com.stripe:stripe-android:10.5.0] AndroidManifest.xml:13:13-76
192            android:theme="@style/StripeDefaultTheme" />
192-->[com.stripe:stripe-android:10.5.0] AndroidManifest.xml:14:13-54
193        <activity
193-->[com.stripe:stripe-android:10.5.0] AndroidManifest.xml:15:9-17:57
194            android:name="com.stripe.android.view.PaymentMethodsActivity"
194-->[com.stripe:stripe-android:10.5.0] AndroidManifest.xml:16:13-74
195            android:theme="@style/StripeDefaultTheme" />
195-->[com.stripe:stripe-android:10.5.0] AndroidManifest.xml:17:13-54
196        <activity
196-->[com.stripe:stripe-android:10.5.0] AndroidManifest.xml:18:9-20:57
197            android:name="com.stripe.android.view.PaymentFlowActivity"
197-->[com.stripe:stripe-android:10.5.0] AndroidManifest.xml:19:13-71
198            android:theme="@style/StripeDefaultTheme" />
198-->[com.stripe:stripe-android:10.5.0] AndroidManifest.xml:20:13-54
199        <activity
199-->[com.stripe:stripe-android:10.5.0] AndroidManifest.xml:21:9-23:57
200            android:name="com.stripe.android.view.PaymentAuthWebViewActivity"
200-->[com.stripe:stripe-android:10.5.0] AndroidManifest.xml:22:13-78
201            android:theme="@style/StripeDefaultTheme" />
201-->[com.stripe:stripe-android:10.5.0] AndroidManifest.xml:23:13-54
202        <activity
202-->[com.stripe:stripe-android:10.5.0] AndroidManifest.xml:24:9-26:57
203            android:name="com.stripe.android.view.PaymentRelayActivity"
203-->[com.stripe:stripe-android:10.5.0] AndroidManifest.xml:25:13-72
204            android:theme="@style/StripeDefaultTheme" />
204-->[com.stripe:stripe-android:10.5.0] AndroidManifest.xml:26:13-54
205        <!--
206             FirebaseMessagingService performs security checks at runtime,
207             but set to not exported to explicitly avoid allowing another app to call it.
208        -->
209        <service
209-->[com.google.firebase:firebase-messaging:20.1.7] AndroidManifest.xml:28:9-34:19
210            android:name="com.google.firebase.messaging.FirebaseMessagingService"
210-->[com.google.firebase:firebase-messaging:20.1.7] AndroidManifest.xml:29:13-82
211            android:exported="false" >
211-->[com.google.firebase:firebase-messaging:20.1.7] AndroidManifest.xml:30:13-37
212            <intent-filter android:priority="-500" >
212-->[:firebase_messaging] AndroidManifest.xml:9:13-11:29
213                <action android:name="com.google.firebase.MESSAGING_EVENT" />
213-->[:firebase_messaging] AndroidManifest.xml:10:17-78
213-->[:firebase_messaging] AndroidManifest.xml:10:25-75
214            </intent-filter>
215        </service>
216
217        <activity
217-->[:razorpay_flutter] AndroidManifest.xml:8:9-11:20
218            android:name="com.razorpay.CheckoutActivity"
218-->[:razorpay_flutter] AndroidManifest.xml:9:13-57
219            android:configChanges="keyboard|keyboardHidden|orientation|screenSize"
219-->[com.razorpay:checkout:1.5.16] AndroidManifest.xml:20:13-83
220            android:label="Razorpay Checkout"
220-->[:razorpay_flutter] AndroidManifest.xml:10:13-46
221            android:theme="@style/CheckoutTheme" >
221-->[com.razorpay:checkout:1.5.16] AndroidManifest.xml:21:13-49
222            <intent-filter>
222-->[com.razorpay:checkout:1.5.16] AndroidManifest.xml:22:13-28:29
223                <action android:name="android.intent.action.MAIN" />
223-->src\main\AndroidManifest.xml:43:17-68
223-->src\main\AndroidManifest.xml:43:25-66
224
225                <data
226                    android:host="rzp.io"
227                    android:scheme="io.rzp" />
227-->src\main\AndroidManifest.xml:58:23-66
228            </intent-filter>
229        </activity>
230
231        <provider
231-->[:share] AndroidManifest.xml:8:9-16:20
232            android:name="io.flutter.plugins.share.ShareFileProvider"
232-->[:share] AndroidManifest.xml:9:13-70
233            android:authorities="com.foodgrid.app.flutter.share_provider"
233-->[:share] AndroidManifest.xml:10:13-74
234            android:exported="false"
234-->[:share] AndroidManifest.xml:11:13-37
235            android:grantUriPermissions="true" >
235-->[:share] AndroidManifest.xml:12:13-47
236            <meta-data
236-->[:share] AndroidManifest.xml:13:13-15:68
237                android:name="android.support.FILE_PROVIDER_PATHS"
237-->[:share] AndroidManifest.xml:14:17-67
238                android:resource="@xml/flutter_share_file_paths" />
238-->[:share] AndroidManifest.xml:15:17-65
239        </provider>
240
241        <activity
241-->[:flutter_paystack] AndroidManifest.xml:10:9-12:54
242            android:name="co.paystack.flutterpaystack.AuthActivity"
242-->[:flutter_paystack] AndroidManifest.xml:11:13-68
243            android:theme="@style/Paystack.Dialog" />
243-->[:flutter_paystack] AndroidManifest.xml:12:13-51
244        <activity
244-->[:url_launcher] AndroidManifest.xml:8:9-11:74
245            android:name="io.flutter.plugins.urllauncher.WebViewActivity"
245-->[:url_launcher] AndroidManifest.xml:9:13-74
246            android:exported="false"
246-->[:url_launcher] AndroidManifest.xml:10:13-37
247            android:theme="@android:style/Theme.NoTitleBar.Fullscreen" />
247-->[:url_launcher] AndroidManifest.xml:11:13-71
248
249        <provider
249-->[:flutter_webview_plugin] AndroidManifest.xml:9:9-18:20
250            android:name="androidx.core.content.FileProvider"
250-->[:flutter_webview_plugin] AndroidManifest.xml:10:13-62
251            android:authorities="com.foodgrid.app.fileprovider"
251-->[:flutter_webview_plugin] AndroidManifest.xml:11:13-64
252            android:exported="false"
252-->[:flutter_webview_plugin] AndroidManifest.xml:12:13-37
253            android:grantUriPermissions="true" >
253-->[:flutter_webview_plugin] AndroidManifest.xml:13:13-47
254            <meta-data
254-->[:share] AndroidManifest.xml:13:13-15:68
255                android:name="android.support.FILE_PROVIDER_PATHS"
255-->[:share] AndroidManifest.xml:14:17-67
256                android:resource="@xml/filepaths" />
256-->[:share] AndroidManifest.xml:15:17-65
257        </provider>
258
259        <activity
259-->[com.stripe:stripe-3ds2-android:1.3.1] AndroidManifest.xml:12:9-14:54
260            android:name="com.stripe.android.stripe3ds2.views.ChallengeActivity"
260-->[com.stripe:stripe-3ds2-android:1.3.1] AndroidManifest.xml:13:13-81
261            android:theme="@style/Stripe3DS2Theme" />
261-->[com.stripe:stripe-3ds2-android:1.3.1] AndroidManifest.xml:14:13-51
262        <activity
262-->[com.stripe:stripe-3ds2-android:1.3.1] AndroidManifest.xml:15:9-17:54
263            android:name="com.stripe.android.stripe3ds2.views.ChallengeProgressDialogActivity"
263-->[com.stripe:stripe-3ds2-android:1.3.1] AndroidManifest.xml:16:13-95
264            android:theme="@style/Stripe3DS2Theme" />
264-->[com.stripe:stripe-3ds2-android:1.3.1] AndroidManifest.xml:17:13-51
265
266        <provider
266-->[com.sangcomz:FishBun:0.11.2] AndroidManifest.xml:12:9-20:20
267            android:name="com.sangcomz.fishbun.FishBunFileProvider"
267-->[com.sangcomz:FishBun:0.11.2] AndroidManifest.xml:13:13-68
268            android:authorities="com.foodgrid.app.fishbunfileprovider"
268-->[com.sangcomz:FishBun:0.11.2] AndroidManifest.xml:14:13-71
269            android:exported="false"
269-->[com.sangcomz:FishBun:0.11.2] AndroidManifest.xml:15:13-37
270            android:grantUriPermissions="true" >
270-->[com.sangcomz:FishBun:0.11.2] AndroidManifest.xml:16:13-47
271            <meta-data
271-->[:share] AndroidManifest.xml:13:13-15:68
272                android:name="android.support.FILE_PROVIDER_PATHS"
272-->[:share] AndroidManifest.xml:14:17-67
273                android:resource="@xml/provider_paths" />
273-->[:share] AndroidManifest.xml:15:17-65
274        </provider>
275
276        <activity
276-->[com.sangcomz:FishBun:0.11.2] AndroidManifest.xml:22:9-25:51
277            android:name="com.sangcomz.fishbun.ui.album.AlbumActivity"
277-->[com.sangcomz:FishBun:0.11.2] AndroidManifest.xml:23:13-71
278            android:label="@string/album"
278-->[com.sangcomz:FishBun:0.11.2] AndroidManifest.xml:24:13-42
279            android:theme="@style/FishBunTheme" />
279-->[com.sangcomz:FishBun:0.11.2] AndroidManifest.xml:25:13-48
280        <activity
280-->[com.sangcomz:FishBun:0.11.2] AndroidManifest.xml:26:9-28:51
281            android:name="com.sangcomz.fishbun.ui.picker.PickerActivity"
281-->[com.sangcomz:FishBun:0.11.2] AndroidManifest.xml:27:13-73
282            android:theme="@style/FishBunTheme" />
282-->[com.sangcomz:FishBun:0.11.2] AndroidManifest.xml:28:13-48
283        <activity
283-->[com.sangcomz:FishBun:0.11.2] AndroidManifest.xml:29:9-31:54
284            android:name="com.sangcomz.fishbun.ui.detail.DetailActivity"
284-->[com.sangcomz:FishBun:0.11.2] AndroidManifest.xml:30:13-73
285            android:theme="@style/DetailViewTheme" />
285-->[com.sangcomz:FishBun:0.11.2] AndroidManifest.xml:31:13-51
286        <activity android:name="com.facebook.CustomTabMainActivity" />
286-->[com.facebook.android:facebook-common:5.5.1] AndroidManifest.xml:33:9-71
286-->[com.facebook.android:facebook-common:5.5.1] AndroidManifest.xml:33:19-68
287        <!--
288         The initialization ContentProvider will call FacebookSdk.sdkInitialize automatically
289         with the application context. This config is merged in with the host app's manifest,
290         but there can only be one provider with the same authority activated at any given
291         point; so if the end user has two or more different apps that use Facebook SDK, only the
292         first one will be able to use the provider. To work around this problem, we use the
293         following placeholder in the authority to identify each host application as if it was
294         a completely different provider.
295        -->
296        <provider
296-->[com.facebook.android:facebook-core:5.5.1] AndroidManifest.xml:39:9-42:40
297            android:name="com.facebook.internal.FacebookInitProvider"
297-->[com.facebook.android:facebook-core:5.5.1] AndroidManifest.xml:40:13-70
298            android:authorities="com.foodgrid.app.FacebookInitProvider"
298-->[com.facebook.android:facebook-core:5.5.1] AndroidManifest.xml:41:13-72
299            android:exported="false" />
299-->[com.facebook.android:facebook-core:5.5.1] AndroidManifest.xml:42:13-37
300
301        <receiver
301-->[com.facebook.android:facebook-core:5.5.1] AndroidManifest.xml:44:9-50:20
302            android:name="com.facebook.CurrentAccessTokenExpirationBroadcastReceiver"
302-->[com.facebook.android:facebook-core:5.5.1] AndroidManifest.xml:45:13-86
303            android:exported="false" >